<?xml version="1.0" encoding="utf-8" standalone="no"?>
<!--This file represents the results of running a test suite-->
<test-results name="C:\Users\XXXX\Downloads\Documents\cour\2nd Année\ppe\mission 4\casGSB\casGSB\bin\Debug\casGSB.exe" total="1" errors="0" failures="1" not-run="0" inconclusive="0" ignored="0" skipped="0" invalid="0" date="2015-03-31" time="15:45:30">
  <environment nunit-version="2.6.4.14350" clr-version="2.0.50727.8009" os-version="Microsoft Windows NT 6.2.9200.0" platform="Win32NT" cwd="C:\Program Files (x86)\NUnit 2.6.4\bin" machine-name="THIERRY" user="XXXX" user-domain="THIERRY" />
  <culture-info current-culture="fr-FR" current-uiculture="fr-FR" />
  <test-suite type="Assembly" name="C:\Users\XXXX\Downloads\Documents\cour\2nd Année\ppe\mission 4\casGSB\casGSB\bin\Debug\casGSB.exe" executed="True" result="Failure" success="False" time="0.003" asserts="0">
    <results>
      <test-suite type="Namespace" name="casGSB" executed="True" result="Failure" success="False" time="0.002" asserts="0">
        <results>
          <test-suite type="TestFixture" name="UnitTest" executed="True" result="Failure" success="False" time="0.002" asserts="0">
            <results>
              <test-case name="casGSB.UnitTest.getMoisSuivant" executed="True" result="Failure" success="False" time="0.001" asserts="1">
                <failure>
                  <message><![CDATA[  String lengths are both 2. Strings differ at index 1.
  Expected: "05"
  But was:  "04"
  ------------^
]]></message>
                  <stack-trace><![CDATA[à casGSB.UnitTest.getMoisSuivant() dans c:\Users\XXXX\Downloads\Documents\cour\2nd Année\ppe\mission 4\casGSB\casGSB\UnitTest.cs:ligne 28
]]></stack-trace>
                </failure>
              </test-case>
            </results>
          </test-suite>
        </results>
      </test-suite>
    </results>
  </test-suite>
</test-results>